<?xml version="1.0" encoding="UTF-8"?>
<!-- Generated by org.testng.reporters.JUnitReportReporter -->
<testsuite hostname="Ankita-PC" name="com.walmarttest.tests.End2EndTests" tests="2" failures="0" timestamp="21 Dec 2015 08:27:50 GMT" time="420.996" errors="0">
  <testcase name="TestCase1" time="214.346" classname="com.walmarttest.tests.End2EndTests"/>
  <testcase name="TestCase1" time="206.650" classname="com.walmarttest.tests.End2EndTests"/>
</testsuite> <!-- com.walmarttest.tests.End2EndTests -->
